<?xml version="1.0" encoding="UTF-8"?><testsuite errors="1" failures="0" name="Contact Us Form" skipped="0" tests="1" time="16.33" timestamp="2022-01-07 07:48:47"><testcase name="Complete information of the form"><error type="java.lang.NullPointerException"/><system-err>null&#13;
co.com.sofka.tasks.contactusform.CompletyFillsInTheFields.performAs(CompletyFillsInTheFields.java:34)&#13;
co.com.sofka.stepdefinitions.contactusform.ContactUsFormStepdefinition.fillInTheFieldsCompletely(ContactUsFormStepdefinition.java:33)&#13;
io.cucumber.java.Invoker.invoke(Invoker.java:27)&#13;
io.cucumber.java.JavaStepDefinition.execute(JavaStepDefinition.java:27)&#13;
io.cucumber.core.runner.PickleStepDefinitionMatch.runStep(PickleStepDefinitionMatch.java:63)&#13;
io.cucumber.core.runner.TestStep.executeStep(TestStep.java:64)&#13;
io.cucumber.core.runner.TestStep.run(TestStep.java:49)&#13;
io.cucumber.core.runner.PickleStepTestStep.run(PickleStepTestStep.java:46)&#13;
io.cucumber.core.runner.TestCase.run(TestCase.java:51)&#13;
io.cucumber.core.runner.Runner.runPickle(Runner.java:67)&#13;
io.cucumber.junit.FeatureRunner.runChild(FeatureRunner.java:83)&#13;
io.cucumber.junit.FeatureRunner.runChild(FeatureRunner.java:24)&#13;
io.cucumber.junit.CucumberSerenityRunner.runChild(CucumberSerenityRunner.java:227)&#13;
io.cucumber.junit.CucumberSerenityRunner.runChild(CucumberSerenityRunner.java:54)&#13;
</system-err></testcase></testsuite>